0 verbose cli /usr/bin/node /usr/bin/npm
1 info using npm@9.2.0
2 info using node@v18.19.1
3 timing npm:load:whichnode Completed in 0ms
4 timing config:load:defaults Completed in 17ms
5 timing config:load:file:/usr/share/nodejs/npm/npmrc Completed in 78ms
6 timing config:load:builtin Completed in 84ms
7 timing config:load:cli Completed in 21ms
8 timing config:load:env Completed in 9ms
9 timing config:load:file:/home/ubuntu/DevOps-Hiring/frontend/.npmrc Completed in 10ms
10 timing config:load:project Completed in 95ms
11 timing config:load:file:/home/ubuntu/.npmrc Completed in 1ms
12 timing config:load:user Completed in 5ms
13 timing config:load:file:/etc/npmrc Completed in 12ms
14 timing config:load:global Completed in 12ms
15 timing config:load:setEnvs Completed in 12ms
16 timing config:load Completed in 257ms
17 timing npm:load:configload Completed in 261ms
18 timing npm:load:mkdirpcache Completed in 14ms
19 timing npm:load:mkdirplogs Completed in 0ms
20 verbose title npm cache clean
21 verbose argv "cache" "clean" "--force"
22 timing npm:load:setTitle Completed in 24ms
23 timing config:load:flatten Completed in 48ms
24 timing npm:load:display Completed in 50ms
25 verbose logfile logs-max:10 dir:/home/ubuntu/.npm/_logs/2025-07-12T11_26_08_782Z-
26 verbose logfile /home/ubuntu/.npm/_logs/2025-07-12T11_26_08_782Z-debug-0.log
27 timing npm:load:logFile Completed in 99ms
28 timing npm:load:timers Completed in 6ms
29 timing npm:load:configScope Completed in 0ms
30 warn using --force Recommended protections disabled.
31 timing npm:load Completed in 487ms
32 timing config:load:flatten Completed in 1ms
33 silly logfile done cleaning log files
