0 verbose cli /usr/bin/node /usr/bin/npm
1 info using npm@9.2.0
2 info using node@v18.19.1
3 timing npm:load:whichnode Completed in 0ms
4 timing config:load:defaults Completed in 3ms
5 timing config:load:file:/usr/share/nodejs/npm/npmrc Completed in 7ms
6 timing config:load:builtin Completed in 7ms
7 timing config:load:cli Completed in 6ms
8 timing config:load:env Completed in 1ms
9 timing config:load:file:/home/ubuntu/DevOps-Hiring/frontend/.npmrc Completed in 0ms
10 timing config:load:project Completed in 6ms
11 timing config:load:file:/home/ubuntu/.npmrc Completed in 0ms
12 timing config:load:user Completed in 1ms
13 timing config:load:file:/etc/npmrc Completed in 2ms
14 timing config:load:global Completed in 2ms
15 timing config:load:setEnvs Completed in 2ms
16 timing config:load Completed in 29ms
17 timing npm:load:configload Completed in 29ms
18 timing npm:load:mkdirpcache Completed in 2ms
19 timing npm:load:mkdirplogs Completed in 1ms
20 verbose title npm init
21 verbose argv "init" "--yes"
22 timing npm:load:setTitle Completed in 4ms
23 timing config:load:flatten Completed in 10ms
24 timing npm:load:display Completed in 11ms
25 verbose logfile logs-max:10 dir:/home/ubuntu/.npm/_logs/2025-07-12T10_26_04_768Z-
26 verbose logfile /home/ubuntu/.npm/_logs/2025-07-12T10_26_04_768Z-debug-0.log
27 timing npm:load:logFile Completed in 13ms
28 timing npm:load:timers Completed in 0ms
29 timing npm:load:configScope Completed in 0ms
30 timing npm:load Completed in 61ms
31 silly logfile done cleaning log files
32 silly package data {
32 silly package data   name: 'frontend',
32 silly package data   version: '1.0.0',
32 silly package data   description: '',
32 silly package data   main: 'index.js',
32 silly package data   scripts: { test: 'echo "Error: no test specified" && exit 1' },
32 silly package data   keywords: [],
32 silly package data   author: '',
32 silly package data   license: 'ISC'
32 silly package data }
33 timing command:init Completed in 66ms
34 verbose stack Error: EACCES: permission denied, open '/home/ubuntu/DevOps-Hiring/frontend/package.json'
35 verbose cwd /home/ubuntu/DevOps-Hiring/frontend
36 verbose Linux 6.8.0-1029-aws
37 verbose node v18.19.1
38 verbose npm  v9.2.0
39 error code EACCES
40 error syscall open
41 error path /home/ubuntu/DevOps-Hiring/frontend/package.json
42 error errno -13
43 error [Error: EACCES: permission denied, open '/home/ubuntu/DevOps-Hiring/frontend/package.json'] {
43 error   errno: -13,
43 error   code: 'EACCES',
43 error   syscall: 'open',
43 error   path: '/home/ubuntu/DevOps-Hiring/frontend/package.json'
43 error }
44 error
44 error The operation was rejected by your operating system.
44 error It is likely you do not have the permissions to access this file as the current user
44 error
44 error If you believe this might be a permissions issue, please double-check the
44 error permissions of the file and its containing directories, or try running
44 error the command again as root/Administrator.
45 verbose exit -13
46 timing npm Completed in 208ms
47 verbose code -13
48 error A complete log of this run can be found in:
48 error     /home/ubuntu/.npm/_logs/2025-07-12T10_26_04_768Z-debug-0.log
